This file contains any messages produced by compilers while
running configure, to aid debugging if configure makes a mistake.

It was created by sdpa configure 7.3.8, which was
generated by GNU Autoconf 2.68.  Invocation command line was

  $ ./configure 

## --------- ##
## Platform. ##
## --------- ##

hostname = DESKTOP-N7LJR3Q
uname -m = x86_64
uname -r = 4.4.0-18362-Microsoft
uname -s = Linux
uname -v = #1-Microsoft Mon Mar 18 12:02:00 PST 2019

/usr/bin/uname -p = unknown
/bin/uname -X     = unknown

/bin/arch              = unknown
/usr/bin/arch -k       = unknown
/usr/convex/getsysinfo = unknown
/usr/bin/hostinfo      = unknown
/bin/machine           = unknown
/usr/bin/oslevel       = unknown
/bin/universe          = unknown

PATH: /usr/local/sbin
PATH: /usr/local/bin
PATH: /usr/sbin
PATH: /usr/bin
PATH: /sbin
PATH: /bin
PATH: /usr/games
PATH: /usr/local/games
PATH: /mnt/c/Program Files (x86)/Common Files/Oracle/Java/javapath
PATH: /mnt/c/WINDOWS/system32
PATH: /mnt/c/WINDOWS
PATH: /mnt/c/WINDOWS/System32/Wbem
PATH: /mnt/c/WINDOWS/System32/WindowsPowerShell/v1.0/
PATH: /mnt/c/WINDOWS/System32/OpenSSH/
PATH: /mnt/c/Program Files (x86)/LyX 2.3/Perl/bin
PATH: /mnt/c/Program Files/PuTTY/
PATH: /mnt/c/Users/zhuji/Anaconda3/Library/bin
PATH: /mnt/c/Users/zhuji/Anaconda3
PATH: /mnt/c/Users/zhuji/Anaconda3/Scripts
PATH: /mnt/c/Program Files (x86)/Wolfram Research/WolframScript/
PATH: /mnt/c/Program Files/MiKTeX 2.9/miktex/bin/x64/
PATH: /mnt/c/Program Files (x86)/PDFtk Server/bin/
PATH: /mnt/c/cygwin64/bin
PATH: /mnt/c/MinGW/bin
PATH: /mnt/c/Program Files/MATLAB/R2019a/bin
PATH: /mnt/c/Program Files/Mosek/9.0/tools/platform/win64x86/bin
PATH: /mnt/c/Users/zhuji/Downloads/sdpa-gmp-7.1.3
PATH: /mnt/c/cygwin64
PATH: /mnt/c/Users/zhuji/AppData/Local/Pandoc/
PATH: /mnt/c/Users/zhuji/AppData/Local/Microsoft/WindowsApps
PATH: /mnt/c/Users/zhuji/AppData/Local/atom/bin
PATH: /mnt/c/Users/zhuji/AppData/Local/Programs/Microsoft VS Code/bin
PATH: /mnt/c/Users/zhuji/AppData/Local/Microsoft/WindowsApps
PATH: /snap/bin


## ----------- ##
## Core tests. ##
## ----------- ##

configure:2055: checking for a BSD-compatible install
configure:2123: result: /usr/bin/install -c
configure:2134: checking whether build environment is sane
configure:2184: result: yes
configure:2325: checking for a thread-safe mkdir -p
configure:2364: result: /bin/mkdir -p
configure:2377: checking for gawk
configure:2393: found /usr/bin/gawk
configure:2404: result: gawk
configure:2415: checking whether make sets $(MAKE)
configure:2437: result: yes
configure:2560: checking for ranlib
configure:2576: found /usr/bin/ranlib
configure:2587: result: ranlib
configure:2657: checking for gcc
configure:2673: found /usr/bin/gcc
configure:2684: result: gcc
configure:2913: checking for C compiler version
configure:2922: gcc --version >&5
gcc (Ubuntu 7.4.0-1ubuntu1~18.04.1) 7.4.0
Copyright (C) 2017 Free Software Foundation, Inc.
This is free software; see the source for copying conditions.  There is NO
warranty; not even for MERCHANTABILITY or FITNESS FOR A PARTICULAR PURPOSE.

configure:2933: $? = 0
configure:2922: gcc -v >&5
Using built-in specs.
COLLECT_GCC=gcc
COLLECT_LTO_WRAPPER=/usr/lib/gcc/x86_64-linux-gnu/7/lto-wrapper
OFFLOAD_TARGET_NAMES=nvptx-none
OFFLOAD_TARGET_DEFAULT=1
Target: x86_64-linux-gnu
Configured with: ../src/configure -v --with-pkgversion='Ubuntu 7.4.0-1ubuntu1~18.04.1' --with-bugurl=file:///usr/share/doc/gcc-7/README.Bugs --enable-languages=c,ada,c++,go,brig,d,fortran,objc,obj-c++ --prefix=/usr --with-gcc-major-version-only --program-suffix=-7 --program-prefix=x86_64-linux-gnu- --enable-shared --enable-linker-build-id --libexecdir=/usr/lib --without-included-gettext --enable-threads=posix --libdir=/usr/lib --enable-nls --with-sysroot=/ --enable-clocale=gnu --enable-libstdcxx-debug --enable-libstdcxx-time=yes --with-default-libstdcxx-abi=new --enable-gnu-unique-object --disable-vtable-verify --enable-libmpx --enable-plugin --enable-default-pie --with-system-zlib --with-target-system-zlib --enable-objc-gc=auto --enable-multiarch --disable-werror --with-arch-32=i686 --with-abi=m64 --with-multilib-list=m32,m64,mx32 --enable-multilib --with-tune=generic --enable-offload-targets=nvptx-none --without-cuda-driver --enable-checking=release --build=x86_64-linux-gnu --host=x86_64-linux-gnu --target=x86_64-linux-gnu
Thread model: posix
gcc version 7.4.0 (Ubuntu 7.4.0-1ubuntu1~18.04.1) 
configure:2933: $? = 0
configure:2922: gcc -V >&5
gcc: error: unrecognized command line option '-V'
gcc: fatal error: no input files
compilation terminated.
configure:2933: $? = 1
configure:2922: gcc -qversion >&5
gcc: error: unrecognized command line option '-qversion'; did you mean '--version'?
gcc: fatal error: no input files
compilation terminated.
configure:2933: $? = 1
configure:2953: checking whether the C compiler works
configure:2975: gcc    conftest.c  >&5
configure:2979: $? = 0
configure:3027: result: yes
configure:3030: checking for C compiler default output file name
configure:3032: result: a.out
configure:3038: checking for suffix of executables
configure:3045: gcc -o conftest    conftest.c  >&5
configure:3049: $? = 0
configure:3071: result: 
configure:3093: checking whether we are cross compiling
configure:3101: gcc -o conftest    conftest.c  >&5
configure:3105: $? = 0
configure:3112: ./conftest
configure:3116: $? = 0
configure:3131: result: no
configure:3136: checking for suffix of object files
configure:3158: gcc -c   conftest.c >&5
configure:3162: $? = 0
configure:3183: result: o
configure:3187: checking whether we are using the GNU C compiler
configure:3206: gcc -c   conftest.c >&5
configure:3206: $? = 0
configure:3215: result: yes
configure:3224: checking whether gcc accepts -g
configure:3244: gcc -c -g  conftest.c >&5
configure:3244: $? = 0
configure:3285: result: yes
configure:3302: checking for gcc option to accept ISO C89
configure:3366: gcc  -c -g -O2  conftest.c >&5
configure:3366: $? = 0
configure:3379: result: none needed
configure:3410: checking for style of include used by make
configure:3438: result: GNU
configure:3464: checking dependency style of gcc
configure:3575: result: gcc3
configure:3648: checking for g++
configure:3664: found /usr/bin/g++
configure:3675: result: g++
configure:3702: checking for C++ compiler version
configure:3711: g++ --version >&5
g++ (Ubuntu 7.4.0-1ubuntu1~18.04.1) 7.4.0
Copyright (C) 2017 Free Software Foundation, Inc.
This is free software; see the source for copying conditions.  There is NO
warranty; not even for MERCHANTABILITY or FITNESS FOR A PARTICULAR PURPOSE.

configure:3722: $? = 0
configure:3711: g++ -v >&5
Using built-in specs.
COLLECT_GCC=g++
COLLECT_LTO_WRAPPER=/usr/lib/gcc/x86_64-linux-gnu/7/lto-wrapper
OFFLOAD_TARGET_NAMES=nvptx-none
OFFLOAD_TARGET_DEFAULT=1
Target: x86_64-linux-gnu
Configured with: ../src/configure -v --with-pkgversion='Ubuntu 7.4.0-1ubuntu1~18.04.1' --with-bugurl=file:///usr/share/doc/gcc-7/README.Bugs --enable-languages=c,ada,c++,go,brig,d,fortran,objc,obj-c++ --prefix=/usr --with-gcc-major-version-only --program-suffix=-7 --program-prefix=x86_64-linux-gnu- --enable-shared --enable-linker-build-id --libexecdir=/usr/lib --without-included-gettext --enable-threads=posix --libdir=/usr/lib --enable-nls --with-sysroot=/ --enable-clocale=gnu --enable-libstdcxx-debug --enable-libstdcxx-time=yes --with-default-libstdcxx-abi=new --enable-gnu-unique-object --disable-vtable-verify --enable-libmpx --enable-plugin --enable-default-pie --with-system-zlib --with-target-system-zlib --enable-objc-gc=auto --enable-multiarch --disable-werror --with-arch-32=i686 --with-abi=m64 --with-multilib-list=m32,m64,mx32 --enable-multilib --with-tune=generic --enable-offload-targets=nvptx-none --without-cuda-driver --enable-checking=release --build=x86_64-linux-gnu --host=x86_64-linux-gnu --target=x86_64-linux-gnu
Thread model: posix
gcc version 7.4.0 (Ubuntu 7.4.0-1ubuntu1~18.04.1) 
configure:3722: $? = 0
configure:3711: g++ -V >&5
g++: error: unrecognized command line option '-V'
g++: fatal error: no input files
compilation terminated.
configure:3722: $? = 1
configure:3711: g++ -qversion >&5
g++: error: unrecognized command line option '-qversion'; did you mean '--version'?
g++: fatal error: no input files
compilation terminated.
configure:3722: $? = 1
configure:3726: checking whether we are using the GNU C++ compiler
configure:3745: g++ -c   conftest.cpp >&5
configure:3745: $? = 0
configure:3754: result: yes
configure:3763: checking whether g++ accepts -g
configure:3783: g++ -c -g  conftest.cpp >&5
configure:3783: $? = 0
configure:3824: result: yes
configure:3849: checking dependency style of g++
configure:3960: result: gcc3
configure:4028: checking for gfortran
configure:4058: result: no
configure:4028: checking for g95
configure:4058: result: no
configure:4028: checking for xlf95
configure:4058: result: no
configure:4028: checking for f95
configure:4058: result: no
configure:4028: checking for fort
configure:4058: result: no
configure:4028: checking for ifort
configure:4058: result: no
configure:4028: checking for ifc
configure:4058: result: no
configure:4028: checking for efc
configure:4058: result: no
configure:4028: checking for pgfortran
configure:4058: result: no
configure:4028: checking for pgf95
configure:4058: result: no
configure:4028: checking for lf95
configure:4058: result: no
configure:4028: checking for ftn
configure:4058: result: no
configure:4028: checking for xlf90
configure:4058: result: no
configure:4028: checking for f90
configure:4058: result: no
configure:4028: checking for pgf90
configure:4058: result: no
configure:4028: checking for pghpf
configure:4058: result: no
configure:4028: checking for epcf90
configure:4058: result: no
configure:4028: checking for g77
configure:4058: result: no
configure:4028: checking for xlf
configure:4058: result: no
configure:4028: checking for f77
configure:4058: result: no
configure:4028: checking for frt
configure:4058: result: no
configure:4028: checking for pgf77
configure:4058: result: no
configure:4028: checking for cf77
configure:4058: result: no
configure:4028: checking for fort77
configure:4044: found /mnt/c/cygwin64/bin/fort77
configure:4055: result: fort77
configure:4081: checking for Fortran compiler version
configure:4090: fort77 --version >&5
/mnt/c/cygwin64/bin/fort77: No input files specified
configure:4101: $? = 255
configure:4090: fort77 -v >&5
/mnt/c/cygwin64/bin/fort77: fort77 Version 1.18
/mnt/c/cygwin64/bin/fort77: No input files specified
configure:4101: $? = 255
configure:4090: fort77 -V >&5
/mnt/c/cygwin64/bin/fort77 : Missing argument to "-V"
configure:4101: $? = 255
configure:4090: fort77 -qversion >&5
/mnt/c/cygwin64/bin/fort77: No input files specified
configure:4101: $? = 255
configure:4110: checking whether we are using the GNU Fortran compiler
configure:4123: fort77 -c   conftest.F >&5
sh: 1: f2c: not found
/mnt/c/cygwin64/bin/fort77: aborting compilation
configure:4123: $? = 255
configure: failed program was:
|       program main
| #ifndef __GNUC__
|        choke me
| #endif
| 
|       end
configure:4132: result: no
configure:4138: checking whether fort77 accepts -g
configure:4149: fort77 -c -g  conftest.f >&5
conftest.f:
sh: 1: f2c: not found
/mnt/c/cygwin64/bin/fort77: aborting compilation
configure:4149: $? = 25
configure: failed program was:
|       program main
| 
|       end
configure:4157: result: no
configure:4186: checking how to get verbose linking output from fort77
configure:4196: fort77 -c   conftest.f >&5
conftest.f:
sh: 1: f2c: not found
/mnt/c/cygwin64/bin/fort77: aborting compilation
configure:4196: $? = 25
configure: failed program was:
|       program main
| 
|       end
configure:4274: WARNING: compilation failed
configure:4280: result: 
configure:4282: checking for Fortran libraries of fort77
configure:4305: fort77 -o conftest conftest.f
conftest.f:
sh: 1: f2c: not found
/mnt/c/cygwin64/bin/fort77: aborting compilation
configure:4480: result: 
configure:4497: checking for dummy main to link with Fortran libraries
configure:4531: gcc -o conftest -g -O2   conftest.c   >&5
configure:4531: $? = 0
configure:4576: result: none
configure:4609: checking for Fortran name-mangling scheme
configure:4622: fort77 -c   conftest.f >&5
conftest.f:
sh: 1: f2c: not found
/mnt/c/cygwin64/bin/fort77: aborting compilation
configure:4622: $? = 25
configure: failed program was:
|       subroutine foobar()
|       return
|       end
|       subroutine foo_bar()
|       return
|       end
configure:4755: error: in `/mnt/c/users/zhuji/downloads/sdpa-7.3.8':
configure:4757: error: cannot compile a simple Fortran program
See `config.log' for more details

## ---------------- ##
## Cache variables. ##
## ---------------- ##

ac_cv_c_compiler_gnu=yes
ac_cv_cxx_compiler_gnu=yes
ac_cv_env_CCC_set=
ac_cv_env_CCC_value=
ac_cv_env_CC_set=
ac_cv_env_CC_value=
ac_cv_env_CFLAGS_set=
ac_cv_env_CFLAGS_value=
ac_cv_env_CPPFLAGS_set=
ac_cv_env_CPPFLAGS_value=
ac_cv_env_CXXFLAGS_set=
ac_cv_env_CXXFLAGS_value=
ac_cv_env_CXX_set=
ac_cv_env_CXX_value=
ac_cv_env_FCFLAGS_set=
ac_cv_env_FCFLAGS_value=
ac_cv_env_FC_set=
ac_cv_env_FC_value=
ac_cv_env_LDFLAGS_set=
ac_cv_env_LDFLAGS_value=
ac_cv_env_LIBS_set=
ac_cv_env_LIBS_value=
ac_cv_env_build_alias_set=
ac_cv_env_build_alias_value=
ac_cv_env_host_alias_set=
ac_cv_env_host_alias_value=
ac_cv_env_target_alias_set=
ac_cv_env_target_alias_value=
ac_cv_fc_compiler_gnu=no
ac_cv_fc_dummy_main=none
ac_cv_fc_libs=
ac_cv_fortran_dummy_main=none
ac_cv_objext=o
ac_cv_path_install='/usr/bin/install -c'
ac_cv_path_mkdir=/bin/mkdir
ac_cv_prog_AWK=gawk
ac_cv_prog_ac_ct_CC=gcc
ac_cv_prog_ac_ct_CXX=g++
ac_cv_prog_ac_ct_FC=fort77
ac_cv_prog_ac_ct_RANLIB=ranlib
ac_cv_prog_cc_c89=
ac_cv_prog_cc_g=yes
ac_cv_prog_cxx_g=yes
ac_cv_prog_fc_g=no
ac_cv_prog_make_make_set=yes
am_cv_CC_dependencies_compiler_type=gcc3
am_cv_CXX_dependencies_compiler_type=gcc3

## ----------------- ##
## Output variables. ##
## ----------------- ##

ACLOCAL='${SHELL} /mnt/c/users/zhuji/downloads/sdpa-7.3.8/missing --run aclocal-1.11'
AMDEPBACKSLASH='\'
AMDEP_FALSE='#'
AMDEP_TRUE=''
AMTAR='$${TAR-tar}'
AUTOCONF='${SHELL} /mnt/c/users/zhuji/downloads/sdpa-7.3.8/missing --run autoconf'
AUTOHEADER='${SHELL} /mnt/c/users/zhuji/downloads/sdpa-7.3.8/missing --run autoheader'
AUTOMAKE='${SHELL} /mnt/c/users/zhuji/downloads/sdpa-7.3.8/missing --run automake-1.11'
AWK='gawk'
BLAS_LIBS=''
CC='gcc'
CCDEPMODE='depmode=gcc3'
CFLAGS='-g -O2'
CPPFLAGS=''
CXX='g++'
CXXDEPMODE='depmode=gcc3'
CXXFLAGS='-g -O2'
CYGPATH_W='echo'
DEFS=''
DEPDIR='.deps'
ECHO_C=''
ECHO_N='-n'
ECHO_T=''
EXEEXT=''
FC='fort77'
FCFLAGS=''
FCLIBS=''
HAVE_PACKAGE_MUMPS_FALSE=''
HAVE_PACKAGE_MUMPS_TRUE=''
INSTALL_DATA='${INSTALL} -m 644'
INSTALL_PROGRAM='${INSTALL}'
INSTALL_SCRIPT='${INSTALL}'
INSTALL_STRIP_PROGRAM='$(install_sh) -c -s'
LAPACK_LIBS=''
LDFLAGS=''
LIBOBJS=''
LIBS=''
LTLIBOBJS=''
MAKEINFO='${SHELL} /mnt/c/users/zhuji/downloads/sdpa-7.3.8/missing --run makeinfo'
MKDIR_P='/bin/mkdir -p'
MUMPS_DIR=''
MUMPS_INCLUDE=''
MUMPS_LIBS=''
OBJEXT='o'
PACKAGE='sdpa'
PACKAGE_BUGREPORT=''
PACKAGE_NAME='sdpa'
PACKAGE_STRING='sdpa 7.3.8'
PACKAGE_TARNAME='sdpa'
PACKAGE_URL=''
PACKAGE_VERSION='7.3.8'
PATH_SEPARATOR=':'
PTHREAD_INCLUDE=''
PTHREAD_LIBS=''
RANLIB='ranlib'
SET_MAKE=''
SHELL='/bin/bash'
STRIP=''
VERSION='7.3.8'
ac_ct_CC='gcc'
ac_ct_CXX='g++'
ac_ct_FC='fort77'
am__EXEEXT_FALSE=''
am__EXEEXT_TRUE=''
am__fastdepCC_FALSE='#'
am__fastdepCC_TRUE=''
am__fastdepCXX_FALSE='#'
am__fastdepCXX_TRUE=''
am__include='include'
am__isrc=''
am__leading_dot='.'
am__nodep='_no'
am__quote=''
am__tar='$${TAR-tar} chof - "$$tardir"'
am__untar='$${TAR-tar} xf -'
bindir='${exec_prefix}/bin'
build=''
build_alias=''
build_cpu=''
build_os=''
build_vendor=''
datadir='${datarootdir}'
datarootdir='${prefix}/share'
docdir='${datarootdir}/doc/${PACKAGE_TARNAME}'
dvidir='${docdir}'
exec_prefix='NONE'
host=''
host_alias=''
host_cpu=''
host_os=''
host_vendor=''
htmldir='${docdir}'
includedir='${prefix}/include'
infodir='${datarootdir}/info'
install_sh='${SHELL} /mnt/c/users/zhuji/downloads/sdpa-7.3.8/install-sh'
libdir='${exec_prefix}/lib'
libexecdir='${exec_prefix}/libexec'
localedir='${datarootdir}/locale'
localstatedir='${prefix}/var'
mandir='${datarootdir}/man'
mkdir_p='/bin/mkdir -p'
oldincludedir='/usr/include'
pdfdir='${docdir}'
prefix='NONE'
program_transform_name='s,x,x,'
psdir='${docdir}'
sbindir='${exec_prefix}/sbin'
sharedstatedir='${prefix}/com'
sysconfdir='${prefix}/etc'
target_alias=''

## ----------- ##
## confdefs.h. ##
## ----------- ##

/* confdefs.h */
#define PACKAGE_NAME "sdpa"
#define PACKAGE_TARNAME "sdpa"
#define PACKAGE_VERSION "7.3.8"
#define PACKAGE_STRING "sdpa 7.3.8"
#define PACKAGE_BUGREPORT ""
#define PACKAGE_URL ""
#define PACKAGE "sdpa"
#define VERSION "7.3.8"

configure: exit 1
